(27, -1)
('id', (5, 0))
(26, -1)
('id', (5, 1))
(24, -1)
(34, -1)
(21, -1)
('id', (5, 0))
(22, -1)
(24, -1)
(34, -1)
(21, -1)
('id', (5, 1))
(22, -1)
(24, -1)
(27, -1)
('id', (6, 0))
(26, -1)
('id', (6, 1))
(24, -1)
('id', (6, 0))
(15, -1)
('id', (5, 0))
(24, -1)
('id', (6, 1))
(15, -1)
('id', (5, 1))
(24, -1)
(33, -1)
(21, -1)
('id', (5, 0))
(14, -1)
('id', (5, 1))
(22, -1)
(17, -1)
(30, -1)
(21, -1)
('id', (5, 0))
(10, -1)
('id', (5, 1))
(22, -1)
(17, -1)
('id', (5, 0))
(15, -1)
('id', (5, 0))
(3, -1)
('id', (5, 1))
(24, -1)
(18, -1)
(32, -1)
(17, -1)
('id', (5, 1))
(15, -1)
('id', (5, 1))
(3, -1)
('id', (5, 0))
(24, -1)
(18, -1)
(18, -1)
(35, -1)
(21, -1)
('const', (1, 0))
(2, -1)
('id', (6, 0))
(2, -1)
('const', (6, 0))
(2, -1)
('id', (6, 1))
(2, -1)
('const', (4, 0))
(2, -1)
('id', (5, 0))
(22, -1)
(24, -1)
